<?xml version="1.0" encoding="UTF-8"?>
<!-- Generated by org.testng.reporters.JUnitXMLReporter -->
<testsuite hostname="PINKU" ignored="0" name="Default test" tests="4" failures="0" timestamp="26 Aug 2018 09:56:24 GMT" time="0.195" errors="0">
  <testcase name="testCaseOne" time="0.039" classname="Test1.TestE"/>
  <testcase name="testCaseTwo" time="0.004" classname="Test1.TestE"/>
  <testcase name="testCaseThree" time="0.006" classname="Test1.TestE"/>
  <testcase name="testCaseFour" time="0.009" classname="Test1.TestE"/>
</testsuite> <!-- Default test -->
