<?xml version="1.0" encoding="UTF-8"?>
<!-- Generated by org.testng.reporters.JUnitXMLReporter -->
<testsuite hostname="PINKU" ignored="4" name="Test" tests="4" failures="0" timestamp="26 Aug 2018 10:09:24 GMT" time="0.162" errors="0">
  <testcase name="testCaseOne" time="0.032" classname="Test1.TestE"/>
  <testcase name="testCasefour" time="0.01" classname="Test1.TestF"/>
  <testcase name="testCaseTwo" time="0.0" classname="Test1.TestE"/>
  <testcase name="testCaseFive" time="0.005" classname="Test1.TestF"/>
  <testcase name="testCasesix" time="0.0" classname="Test1.TestF">
    <ignored/>
  </testcase> <!-- testCasesix -->
  <testcase name="testCaseFour" time="0.0" classname="Test1.TestE">
    <ignored/>
  </testcase> <!-- testCaseFour -->
  <testcase name="testCaseThree" time="0.0" classname="Test1.TestE">
    <ignored/>
  </testcase> <!-- testCaseThree -->
  <testcase name="testCaseSeven" time="0.0" classname="Test1.TestF">
    <ignored/>
  </testcase> <!-- testCaseSeven -->
</testsuite> <!-- Test -->
